-- Found ament_cmake: 1.3.8 (/opt/ros/humble/share/ament_cmake/cmake)
-- Found ament_lint_auto: 0.12.10 (/opt/ros/humble/share/ament_lint_auto/cmake)
-- Added test 'cppcheck' to perform static code analysis on C / C++ code
-- Configured cppcheck include dirs: $<BUILD_INTERFACE:/home/rds/Desktop/git_ws/ROS_ws/src/first_package_cpp/include>
-- Configured cppcheck exclude dirs and/or files: 
-- Added test 'lint_cmake' to check CMake code style
-- Added test 'uncrustify' to check C / C++ code style
-- Configured uncrustify additional arguments: 
-- Added test 'xmllint' to check XML markup files
-- Configuring done
-- Generating done
-- Build files have been written to: /home/rds/Desktop/git_ws/ROS_ws/build/first_package_cpp
[35m[1mConsolidate compiler generated dependencies of target first_node_cpp[0m
[ 25%] [32mBuilding CXX object CMakeFiles/sub.dir/src/my_subscriber.cpp.o[0m
[ 75%] Built target first_node_cpp
[100%] [32m[1mLinking CXX executable sub[0m
/usr/bin/ld: /usr/lib/gcc/x86_64-linux-gnu/11/../../../x86_64-linux-gnu/Scrt1.o: in function `_start':
(.text+0x1b): undefined reference to `main'
collect2: error: ld returned 1 exit status
gmake[2]: *** [CMakeFiles/sub.dir/build.make:97: sub] Error 1
gmake[1]: *** [CMakeFiles/Makefile2:165: CMakeFiles/sub.dir/all] Error 2
gmake: *** [Makefile:146: all] Error 2
