[01m[K/home/rds/Desktop/git_ws/ROS_ws/src/first_cpp_pkg/src/publisher.cpp:4:10:[m[K [01;31m[Kfatal error: [m[Kgeometry_msgs/msg/twist.hpp: No such file or directory
    4 | #include [01;31m[K"geometry_msgs/msg/twist.hpp"[m[K
      |          [01;31m[K^~~~~~~~~~~~~~~~~~~~~~~~~~~~~[m[K
compilation terminated.
gmake[2]: *** [CMakeFiles/turtle_talker.dir/build.make:76: CMakeFiles/turtle_talker.dir/src/publisher.cpp.o] Error 1
gmake[1]: *** [CMakeFiles/Makefile2:193: CMakeFiles/turtle_talker.dir/all] Error 2
gmake: *** [Makefile:146: all] Error 2
