[0.008s] Invoking command in '/home/rds/Desktop/git_ws/ROS_ws/build/first_cpp_pkg': CMAKE_PREFIX_PATH=/home/rds/Desktop/git_ws/ROS_ws/install/first_package_msgs:/home/rds/Desktop/git_ws/urdf_ws/src/install/urdf_ws:/home/rds/Desktop/git_ws/ROS_ws/install/first_package_cpp:/home/rds/Desktop/git_ws/ROS_ws/install/first_cpp_pkg:/home/rds/Desktop/git_ws/ROS_ws/install/opencv_tutorials:/home/rds/Desktop/git_ws/ROS_ws/install/first_package:/opt/ros/humble LD_LIBRARY_PATH=/home/rds/Desktop/git_ws/ROS_ws/install/first_package_msgs/lib:/opt/ros/humble/opt/rviz_ogre_vendor/lib:/opt/ros/humble/lib/x86_64-linux-gnu:/opt/ros/humble/lib:/usr/local/cuda-11.8/lib64:/usr/local/cuda-11.8/lib64/ /usr/bin/cmake --build /home/rds/Desktop/git_ws/ROS_ws/build/first_cpp_pkg -- -j8 -l8
[0.069s] [35m[1mConsolidate compiler generated dependencies of target turtle_cmd_and_pose[0m
[0.085s] [ 33%] Built target turtle_listener
[0.089s] [ 66%] Built target turtle_talker
[0.089s] [ 83%] [32mBuilding CXX object CMakeFiles/turtle_cmd_and_pose.dir/src/turtle_cmd_and_pose.cpp.o[0m
[2.071s] [01m[K/home/rds/Desktop/git_ws/ROS_ws/src/first_cpp_pkg/src/turtle_cmd_and_pose.cpp:[m[K In member function â€˜[01m[Kvoid CmdAndPose::callback_cmd(const Twist&)[m[Kâ€™:
[2.071s] [01m[K/home/rds/Desktop/git_ws/ROS_ws/src/first_cpp_pkg/src/turtle_cmd_and_pose.cpp:42:40:[m[K [01;31m[Kerror: [m[Kcannot convert â€˜[01m[Kconst _angular_type[m[Kâ€™ {aka â€˜[01m[Kconst geometry_msgs::msg::Vector3_<std::allocator<void> >[m[Kâ€™} to â€˜[01m[Kfirst_package_msgs::msg::CmdAndPoseVel_<std::allocator<void> >::_cmd_vel_angular_type[m[Kâ€™ {aka â€˜[01m[Kfloat[m[Kâ€™} in assignment
[2.071s]    42 |         message->cmd_vel_angular = [01;31m[Kmsg.angular[m[K;
[2.071s]       |                                    [01;31m[K~~~~^~~~~~~[m[K
[2.071s]       |                                        [01;31m[K|[m[K
[2.071s]       |                                        [01;31m[Kconst _angular_type {aka const geometry_msgs::msg::Vector3_<std::allocator<void> >}[m[K
[2.071s] [01m[K/home/rds/Desktop/git_ws/ROS_ws/src/first_cpp_pkg/src/turtle_cmd_and_pose.cpp:43:39:[m[K [01;31m[Kerror: [m[Kcannot convert â€˜[01m[Kconst _linear_type[m[Kâ€™ {aka â€˜[01m[Kconst geometry_msgs::msg::Vector3_<std::allocator<void> >[m[Kâ€™} to â€˜[01m[Kfirst_package_msgs::msg::CmdAndPoseVel_<std::allocator<void> >::_cmd_vel_linear_type[m[Kâ€™ {aka â€˜[01m[Kfloat[m[Kâ€™} in assignment
[2.071s]    43 |         message->cmd_vel_linear = [01;31m[Kmsg.linear[m[K;
[2.071s]       |                                   [01;31m[K~~~~^~~~~~[m[K
[2.071s]       |                                       [01;31m[K|[m[K
[2.071s]       |                                       [01;31m[Kconst _linear_type {aka const geometry_msgs::msg::Vector3_<std::allocator<void> >}[m[K
[4.664s] gmake[2]: *** [CMakeFiles/turtle_cmd_and_pose.dir/build.make:76: CMakeFiles/turtle_cmd_and_pose.dir/src/turtle_cmd_and_pose.cpp.o] Error 1
[4.665s] gmake[1]: *** [CMakeFiles/Makefile2:193: CMakeFiles/turtle_cmd_and_pose.dir/all] Error 2
[4.665s] gmake: *** [Makefile:146: all] Error 2
[4.670s] Invoked command in '/home/rds/Desktop/git_ws/ROS_ws/build/first_cpp_pkg' returned '2': CMAKE_PREFIX_PATH=/home/rds/Desktop/git_ws/ROS_ws/install/first_package_msgs:/home/rds/Desktop/git_ws/urdf_ws/src/install/urdf_ws:/home/rds/Desktop/git_ws/ROS_ws/install/first_package_cpp:/home/rds/Desktop/git_ws/ROS_ws/install/first_cpp_pkg:/home/rds/Desktop/git_ws/ROS_ws/install/opencv_tutorials:/home/rds/Desktop/git_ws/ROS_ws/install/first_package:/opt/ros/humble LD_LIBRARY_PATH=/home/rds/Desktop/git_ws/ROS_ws/install/first_package_msgs/lib:/opt/ros/humble/opt/rviz_ogre_vendor/lib:/opt/ros/humble/lib/x86_64-linux-gnu:/opt/ros/humble/lib:/usr/local/cuda-11.8/lib64:/usr/local/cuda-11.8/lib64/ /usr/bin/cmake --build /home/rds/Desktop/git_ws/ROS_ws/build/first_cpp_pkg -- -j8 -l8
