[0.194s] Invoking command in '/home/rds/Desktop/git_ws/ROS_ws/build/first_package_cpp': CMAKE_PREFIX_PATH=${CMAKE_PREFIX_PATH}:/home/rds/Desktop/git_ws/ROS_ws/install/first_package:/opt/ros/humble /usr/bin/cmake --build /home/rds/Desktop/git_ws/ROS_ws/build/first_package_cpp -- -j8 -l8
[0.231s] [ 25%] [32mBuilding CXX object CMakeFiles/sub.dir/src/my_subscriber.cpp.o[0m
[0.233s] [ 75%] Built target first_node_cpp
[0.249s] [01m[K/home/rds/Desktop/git_ws/ROS_ws/src/first_package_cpp/src/my_subscriber.cpp:4:10:[m[K [01;31m[Kfatal error: [m[Krclcpp/rclcpp.hpp: No such file or directory
[0.249s]     4 | #include [01;31m[K"rclcpp/rclcpp.hpp"[m[K
[0.249s]       |          [01;31m[K^~~~~~~~~~~~~~~~~~~[m[K
[0.249s] compilation terminated.
[0.252s] gmake[2]: *** [CMakeFiles/sub.dir/build.make:76: CMakeFiles/sub.dir/src/my_subscriber.cpp.o] Error 1
[0.252s] gmake[1]: *** [CMakeFiles/Makefile2:165: CMakeFiles/sub.dir/all] Error 2
[0.252s] gmake: *** [Makefile:146: all] Error 2
[0.255s] Invoked command in '/home/rds/Desktop/git_ws/ROS_ws/build/first_package_cpp' returned '2': CMAKE_PREFIX_PATH=${CMAKE_PREFIX_PATH}:/home/rds/Desktop/git_ws/ROS_ws/install/first_package:/opt/ros/humble /usr/bin/cmake --build /home/rds/Desktop/git_ws/ROS_ws/build/first_package_cpp -- -j8 -l8
