-- Found ament_cmake: 1.3.8 (/opt/ros/humble/share/ament_cmake/cmake)
-- Found rosidl_default_generators: 1.2.0 (/opt/ros/humble/share/rosidl_default_generators/cmake)
-- Using all available rosidl_typesupport_c: rosidl_typesupport_fastrtps_c;rosidl_typesupport_introspection_c
-- Found rosidl_adapter: 3.1.5 (/opt/ros/humble/share/rosidl_adapter/cmake)
-- Using all available rosidl_typesupport_cpp: rosidl_typesupport_fastrtps_cpp;rosidl_typesupport_introspection_cpp
-- Found ament_cmake_ros: 0.10.0 (/opt/ros/humble/share/ament_cmake_ros/cmake)
-- Using all available rosidl_typesupport_c: rosidl_typesupport_fastrtps_c;rosidl_typesupport_introspection_c
-- Using all available rosidl_typesupport_cpp: rosidl_typesupport_fastrtps_cpp;rosidl_typesupport_introspection_cpp
-- Found python_cmake_module: 0.10.0 (/opt/ros/humble/share/python_cmake_module/cmake)
-- Using PYTHON_EXECUTABLE: /usr/bin/python3
-- Using PYTHON_INCLUDE_DIRS: /usr/include/python3.10
-- Using PYTHON_LIBRARIES: /usr/lib/x86_64-linux-gnu/libpython3.10.so
-- Found ament_lint_auto: 0.12.10 (/opt/ros/humble/share/ament_lint_auto/cmake)
-- Added test 'lint_cmake' to check CMake code style
-- Added test 'xmllint' to check XML markup files
-- Configuring done
-- Generating done
-- Build files have been written to: /home/rds/Desktop/git_ws/ROS_ws/build/first_package_msgs
[  2%] [34m[1mGenerating C code for ROS interfaces[0m
[  4%] [34m[1mGenerating C++ code for ROS interfaces[0m
[  4%] Built target ament_cmake_python_copy_first_package_msgs
running egg_info
writing first_package_msgs.egg-info/PKG-INFO
writing dependency_links to first_package_msgs.egg-info/dependency_links.txt
writing top-level names to first_package_msgs.egg-info/top_level.txt
reading manifest file 'first_package_msgs.egg-info/SOURCES.txt'
writing manifest file 'first_package_msgs.egg-info/SOURCES.txt'
[  4%] Built target ament_cmake_python_build_first_package_msgs_egg
[  4%] Built target first_package_msgs__cpp
[  6%] [34m[1mGenerating C++ introspection for ROS interfaces[0m
[ 10%] [34m[1mGenerating C++ type support dispatch for ROS interfaces[0m
[ 10%] [34m[1mGenerating C++ type support for eProsima Fast-RTPS[0m
[35m[1mConsolidate compiler generated dependencies of target first_package_msgs__rosidl_generator_c[0m
[ 12%] [32mBuilding C object CMakeFiles/first_package_msgs__rosidl_generator_c.dir/rosidl_generator_c/first_package_msgs/srv/detail/multi_spawn__functions.c.o[0m
[ 17%] [32mBuilding C object CMakeFiles/first_package_msgs__rosidl_generator_c.dir/rosidl_generator_c/first_package_msgs/action/detail/distturtle__functions.c.o[0m
[ 17%] [32mBuilding C object CMakeFiles/first_package_msgs__rosidl_generator_c.dir/rosidl_generator_c/first_package_msgs/msg/detail/cmd_and_pose_vel__functions.c.o[0m
In file included from [01m[K/home/rds/Desktop/git_ws/ROS_ws/build/first_package_msgs/rosidl_generator_c/first_package_msgs/action/detail/distturtle__functions.h:19[m[K,
                 from [01m[K/home/rds/Desktop/git_ws/ROS_ws/build/first_package_msgs/rosidl_generator_c/first_package_msgs/action/detail/distturtle__functions.c:4[m[K:
[01m[K/home/rds/Desktop/git_ws/ROS_ws/build/first_package_msgs/rosidl_generator_c/first_package_msgs/action/detail/distturtle__struct.h:84:10:[m[K [01;31m[Kfatal error: [m[Kunique_identifier_msgs/msg/detail/uuid__struct.h: No such file or directory
   84 | #include [01;31m[K"unique_identifier_msgs/msg/detail/uuid__struct.h"[m[K
      |          [01;31m[K^~~~~~~~~~~~~~~~~~~~~~~~~~~~~~~~~~~~~~~~~~~~~~~~~~[m[K
compilation terminated.
gmake[2]: *** [CMakeFiles/first_package_msgs__rosidl_generator_c.dir/build.make:151: CMakeFiles/first_package_msgs__rosidl_generator_c.dir/rosidl_generator_c/first_package_msgs/action/detail/distturtle__functions.c.o] Error 1
gmake[2]: *** Waiting for unfinished jobs....
gmake[1]: *** [CMakeFiles/Makefile2:213: CMakeFiles/first_package_msgs__rosidl_generator_c.dir/all] Error 2
gmake[1]: *** Waiting for unfinished jobs....
[35m[1mConsolidate compiler generated dependencies of target first_package_msgs__rosidl_typesupport_cpp[0m
[ 19%] [32mBuilding CXX object CMakeFiles/first_package_msgs__rosidl_typesupport_cpp.dir/rosidl_typesupport_cpp/first_package_msgs/msg/cmd_and_pose_vel__type_support.cpp.o[0m
[ 21%] [32mBuilding CXX object CMakeFiles/first_package_msgs__rosidl_typesupport_cpp.dir/rosidl_typesupport_cpp/first_package_msgs/action/distturtle__type_support.cpp.o[0m
[ 23%] [32mBuilding CXX object CMakeFiles/first_package_msgs__rosidl_typesupport_cpp.dir/rosidl_typesupport_cpp/first_package_msgs/srv/multi_spawn__type_support.cpp.o[0m
In file included from [01m[K/home/rds/Desktop/git_ws/ROS_ws/build/first_package_msgs/rosidl_typesupport_cpp/first_package_msgs/action/distturtle__type_support.cpp:7[m[K:
[01m[K/home/rds/Desktop/git_ws/ROS_ws/build/first_package_msgs/rosidl_generator_cpp/first_package_msgs/action/detail/distturtle__struct.hpp:432:10:[m[K [01;31m[Kfatal error: [m[Kunique_identifier_msgs/msg/detail/uuid__struct.hpp: No such file or directory
  432 | #include [01;31m[K"unique_identifier_msgs/msg/detail/uuid__struct.hpp"[m[K
      |          [01;31m[K^~~~~~~~~~~~~~~~~~~~~~~~~~~~~~~~~~~~~~~~~~~~~~~~~~~~[m[K
compilation terminated.
[35m[1mConsolidate compiler generated dependencies of target first_package_msgs__rosidl_typesupport_introspection_cpp[0m
gmake[2]: *** [CMakeFiles/first_package_msgs__rosidl_typesupport_cpp.dir/build.make:108: CMakeFiles/first_package_msgs__rosidl_typesupport_cpp.dir/rosidl_typesupport_cpp/first_package_msgs/action/distturtle__type_support.cpp.o] Error 1
gmake[2]: *** Waiting for unfinished jobs....
[ 25%] [32mBuilding CXX object CMakeFiles/first_package_msgs__rosidl_typesupport_introspection_cpp.dir/rosidl_typesupport_introspection_cpp/first_package_msgs/msg/detail/cmd_and_pose_vel__type_support.cpp.o[0m
[ 29%] [32mBuilding CXX object CMakeFiles/first_package_msgs__rosidl_typesupport_introspection_cpp.dir/rosidl_typesupport_introspection_cpp/first_package_msgs/action/detail/distturtle__type_support.cpp.o[0m
[ 29%] [32mBuilding CXX object CMakeFiles/first_package_msgs__rosidl_typesupport_introspection_cpp.dir/rosidl_typesupport_introspection_cpp/first_package_msgs/srv/detail/multi_spawn__type_support.cpp.o[0m
In file included from [01m[K/home/rds/Desktop/git_ws/ROS_ws/build/first_package_msgs/rosidl_typesupport_introspection_cpp/first_package_msgs/action/detail/distturtle__type_support.cpp:12[m[K:
[01m[K/home/rds/Desktop/git_ws/ROS_ws/build/first_package_msgs/rosidl_generator_cpp/first_package_msgs/action/detail/distturtle__struct.hpp:432:10:[m[K [01;31m[Kfatal error: [m[Kunique_identifier_msgs/msg/detail/uuid__struct.hpp: No such file or directory
  432 | #include [01;31m[K"unique_identifier_msgs/msg/detail/uuid__struct.hpp"[m[K
      |          [01;31m[K^~~~~~~~~~~~~~~~~~~~~~~~~~~~~~~~~~~~~~~~~~~~~~~~~~~~[m[K
compilation terminated.
gmake[2]: *** [CMakeFiles/first_package_msgs__rosidl_typesupport_introspection_cpp.dir/build.make:119: CMakeFiles/first_package_msgs__rosidl_typesupport_introspection_cpp.dir/rosidl_typesupport_introspection_cpp/first_package_msgs/action/detail/distturtle__type_support.cpp.o] Error 1
gmake[2]: *** Waiting for unfinished jobs....
[35m[1mConsolidate compiler generated dependencies of target first_package_msgs__rosidl_typesupport_fastrtps_cpp[0m
[ 31%] [32mBuilding CXX object CMakeFiles/first_package_msgs__rosidl_typesupport_fastrtps_cpp.dir/rosidl_typesupport_fastrtps_cpp/first_package_msgs/action/detail/dds_fastrtps/distturtle__type_support.cpp.o[0m
[ 34%] [32mBuilding CXX object CMakeFiles/first_package_msgs__rosidl_typesupport_fastrtps_cpp.dir/rosidl_typesupport_fastrtps_cpp/first_package_msgs/msg/detail/dds_fastrtps/cmd_and_pose_vel__type_support.cpp.o[0m
[ 36%] [32mBuilding CXX object CMakeFiles/first_package_msgs__rosidl_typesupport_fastrtps_cpp.dir/rosidl_typesupport_fastrtps_cpp/first_package_msgs/srv/detail/dds_fastrtps/multi_spawn__type_support.cpp.o[0m
In file included from [01m[K/home/rds/Desktop/git_ws/ROS_ws/build/first_package_msgs/rosidl_typesupport_fastrtps_cpp/first_package_msgs/action/detail/distturtle__rosidl_typesupport_fastrtps_cpp.hpp:11[m[K,
                 from [01m[K/home/rds/Desktop/git_ws/ROS_ws/build/first_package_msgs/rosidl_typesupport_fastrtps_cpp/first_package_msgs/action/detail/dds_fastrtps/distturtle__type_support.cpp:4[m[K:
[01m[K/home/rds/Desktop/git_ws/ROS_ws/build/first_package_msgs/rosidl_generator_cpp/first_package_msgs/action/detail/distturtle__struct.hpp:432:10:[m[K [01;31m[Kfatal error: [m[Kunique_identifier_msgs/msg/detail/uuid__struct.hpp: No such file or directory
  432 | #include [01;31m[K"unique_identifier_msgs/msg/detail/uuid__struct.hpp"[m[K
      |          [01;31m[K^~~~~~~~~~~~~~~~~~~~~~~~~~~~~~~~~~~~~~~~~~~~~~~~~~~~[m[K
compilation terminated.
gmake[2]: *** [CMakeFiles/first_package_msgs__rosidl_typesupport_fastrtps_cpp.dir/build.make:119: CMakeFiles/first_package_msgs__rosidl_typesupport_fastrtps_cpp.dir/rosidl_typesupport_fastrtps_cpp/first_package_msgs/action/detail/dds_fastrtps/distturtle__type_support.cpp.o] Error 1
gmake[2]: *** Waiting for unfinished jobs....
gmake[1]: *** [CMakeFiles/Makefile2:395: CMakeFiles/first_package_msgs__rosidl_typesupport_cpp.dir/all] Error 2
gmake[1]: *** [CMakeFiles/Makefile2:369: CMakeFiles/first_package_msgs__rosidl_typesupport_introspection_cpp.dir/all] Error 2
gmake[1]: *** [CMakeFiles/Makefile2:343: CMakeFiles/first_package_msgs__rosidl_typesupport_fastrtps_cpp.dir/all] Error 2
gmake: *** [Makefile:146: all] Error 2
