[0.178s] Invoking command in '/home/rds/Desktop/git_ws/ROS_ws/build/first_package_msgs': CMAKE_PREFIX_PATH=/opt/ros/humble /usr/bin/cmake --build /home/rds/Desktop/git_ws/ROS_ws/build/first_package_msgs -- -j8 -l8
[0.214s] -- Found ament_cmake: 1.3.8 (/opt/ros/humble/share/ament_cmake/cmake)
[0.314s] -- Found rosidl_default_generators: 1.2.0 (/opt/ros/humble/share/rosidl_default_generators/cmake)
[0.317s] -- Using all available rosidl_typesupport_c: rosidl_typesupport_fastrtps_c;rosidl_typesupport_introspection_c
[0.320s] -- Found rosidl_adapter: 3.1.5 (/opt/ros/humble/share/rosidl_adapter/cmake)
[0.350s] -- Using all available rosidl_typesupport_cpp: rosidl_typesupport_fastrtps_cpp;rosidl_typesupport_introspection_cpp
[0.548s] -- Found ament_cmake_ros: 0.10.0 (/opt/ros/humble/share/ament_cmake_ros/cmake)
[0.667s] -- Using all available rosidl_typesupport_c: rosidl_typesupport_fastrtps_c;rosidl_typesupport_introspection_c
[0.820s] -- Using all available rosidl_typesupport_cpp: rosidl_typesupport_fastrtps_cpp;rosidl_typesupport_introspection_cpp
[0.835s] -- Found python_cmake_module: 0.10.0 (/opt/ros/humble/share/python_cmake_module/cmake)
[0.852s] -- Using PYTHON_EXECUTABLE: /usr/bin/python3
[0.852s] -- Using PYTHON_INCLUDE_DIRS: /usr/include/python3.10
[0.852s] -- Using PYTHON_LIBRARIES: /usr/lib/x86_64-linux-gnu/libpython3.10.so
[0.859s] -- Found ament_lint_auto: 0.12.10 (/opt/ros/humble/share/ament_lint_auto/cmake)
[0.873s] -- Added test 'lint_cmake' to check CMake code style
[0.874s] -- Added test 'xmllint' to check XML markup files
[0.875s] -- Configuring done
[0.895s] -- Generating done
[0.897s] -- Build files have been written to: /home/rds/Desktop/git_ws/ROS_ws/build/first_package_msgs
[0.913s] [  2%] [34m[1mGenerating C code for ROS interfaces[0m
[0.920s] [  4%] [34m[1mGenerating C++ code for ROS interfaces[0m
[0.926s] [  4%] Built target ament_cmake_python_copy_first_package_msgs
[1.103s] running egg_info
[1.104s] writing first_package_msgs.egg-info/PKG-INFO
[1.104s] writing dependency_links to first_package_msgs.egg-info/dependency_links.txt
[1.104s] writing top-level names to first_package_msgs.egg-info/top_level.txt
[1.106s] reading manifest file 'first_package_msgs.egg-info/SOURCES.txt'
[1.106s] writing manifest file 'first_package_msgs.egg-info/SOURCES.txt'
[1.124s] [  4%] Built target ament_cmake_python_build_first_package_msgs_egg
[1.290s] [  4%] Built target first_package_msgs__cpp
[1.298s] [  6%] [34m[1mGenerating C++ introspection for ROS interfaces[0m
[1.301s] [ 10%] [34m[1mGenerating C++ type support dispatch for ROS interfaces[0m
[1.301s] [ 10%] [34m[1mGenerating C++ type support for eProsima Fast-RTPS[0m
[1.304s] [35m[1mConsolidate compiler generated dependencies of target first_package_msgs__rosidl_generator_c[0m
[1.316s] [ 12%] [32mBuilding C object CMakeFiles/first_package_msgs__rosidl_generator_c.dir/rosidl_generator_c/first_package_msgs/srv/detail/multi_spawn__functions.c.o[0m
[1.317s] [ 17%] [32mBuilding C object CMakeFiles/first_package_msgs__rosidl_generator_c.dir/rosidl_generator_c/first_package_msgs/action/detail/distturtle__functions.c.o[0m
[1.317s] [ 17%] [32mBuilding C object CMakeFiles/first_package_msgs__rosidl_generator_c.dir/rosidl_generator_c/first_package_msgs/msg/detail/cmd_and_pose_vel__functions.c.o[0m
[1.349s] In file included from [01m[K/home/rds/Desktop/git_ws/ROS_ws/build/first_package_msgs/rosidl_generator_c/first_package_msgs/action/detail/distturtle__functions.h:19[m[K,
[1.349s]                  from [01m[K/home/rds/Desktop/git_ws/ROS_ws/build/first_package_msgs/rosidl_generator_c/first_package_msgs/action/detail/distturtle__functions.c:4[m[K:
[1.349s] [01m[K/home/rds/Desktop/git_ws/ROS_ws/build/first_package_msgs/rosidl_generator_c/first_package_msgs/action/detail/distturtle__struct.h:84:10:[m[K [01;31m[Kfatal error: [m[Kunique_identifier_msgs/msg/detail/uuid__struct.h: No such file or directory
[1.349s]    84 | #include [01;31m[K"unique_identifier_msgs/msg/detail/uuid__struct.h"[m[K
[1.349s]       |          [01;31m[K^~~~~~~~~~~~~~~~~~~~~~~~~~~~~~~~~~~~~~~~~~~~~~~~~~[m[K
[1.349s] compilation terminated.
[1.350s] gmake[2]: *** [CMakeFiles/first_package_msgs__rosidl_generator_c.dir/build.make:151: CMakeFiles/first_package_msgs__rosidl_generator_c.dir/rosidl_generator_c/first_package_msgs/action/detail/distturtle__functions.c.o] Error 1
[1.350s] gmake[2]: *** Waiting for unfinished jobs....
[1.391s] gmake[1]: *** [CMakeFiles/Makefile2:213: CMakeFiles/first_package_msgs__rosidl_generator_c.dir/all] Error 2
[1.391s] gmake[1]: *** Waiting for unfinished jobs....
[1.543s] [35m[1mConsolidate compiler generated dependencies of target first_package_msgs__rosidl_typesupport_cpp[0m
[1.558s] [ 19%] [32mBuilding CXX object CMakeFiles/first_package_msgs__rosidl_typesupport_cpp.dir/rosidl_typesupport_cpp/first_package_msgs/msg/cmd_and_pose_vel__type_support.cpp.o[0m
[1.558s] [ 21%] [32mBuilding CXX object CMakeFiles/first_package_msgs__rosidl_typesupport_cpp.dir/rosidl_typesupport_cpp/first_package_msgs/action/distturtle__type_support.cpp.o[0m
[1.560s] [ 23%] [32mBuilding CXX object CMakeFiles/first_package_msgs__rosidl_typesupport_cpp.dir/rosidl_typesupport_cpp/first_package_msgs/srv/multi_spawn__type_support.cpp.o[0m
[1.624s] In file included from [01m[K/home/rds/Desktop/git_ws/ROS_ws/build/first_package_msgs/rosidl_typesupport_cpp/first_package_msgs/action/distturtle__type_support.cpp:7[m[K:
[1.624s] [01m[K/home/rds/Desktop/git_ws/ROS_ws/build/first_package_msgs/rosidl_generator_cpp/first_package_msgs/action/detail/distturtle__struct.hpp:432:10:[m[K [01;31m[Kfatal error: [m[Kunique_identifier_msgs/msg/detail/uuid__struct.hpp: No such file or directory
[1.624s]   432 | #include [01;31m[K"unique_identifier_msgs/msg/detail/uuid__struct.hpp"[m[K
[1.624s]       |          [01;31m[K^~~~~~~~~~~~~~~~~~~~~~~~~~~~~~~~~~~~~~~~~~~~~~~~~~~~[m[K
[1.624s] compilation terminated.
[1.625s] [35m[1mConsolidate compiler generated dependencies of target first_package_msgs__rosidl_typesupport_introspection_cpp[0m
[1.625s] gmake[2]: *** [CMakeFiles/first_package_msgs__rosidl_typesupport_cpp.dir/build.make:108: CMakeFiles/first_package_msgs__rosidl_typesupport_cpp.dir/rosidl_typesupport_cpp/first_package_msgs/action/distturtle__type_support.cpp.o] Error 1
[1.625s] gmake[2]: *** Waiting for unfinished jobs....
[1.636s] [ 25%] [32mBuilding CXX object CMakeFiles/first_package_msgs__rosidl_typesupport_introspection_cpp.dir/rosidl_typesupport_introspection_cpp/first_package_msgs/msg/detail/cmd_and_pose_vel__type_support.cpp.o[0m
[1.638s] [ 29%] [32mBuilding CXX object CMakeFiles/first_package_msgs__rosidl_typesupport_introspection_cpp.dir/rosidl_typesupport_introspection_cpp/first_package_msgs/action/detail/distturtle__type_support.cpp.o[0m
[1.638s] [ 29%] [32mBuilding CXX object CMakeFiles/first_package_msgs__rosidl_typesupport_introspection_cpp.dir/rosidl_typesupport_introspection_cpp/first_package_msgs/srv/detail/multi_spawn__type_support.cpp.o[0m
[1.678s] In file included from [01m[K/home/rds/Desktop/git_ws/ROS_ws/build/first_package_msgs/rosidl_typesupport_introspection_cpp/first_package_msgs/action/detail/distturtle__type_support.cpp:12[m[K:
[1.678s] [01m[K/home/rds/Desktop/git_ws/ROS_ws/build/first_package_msgs/rosidl_generator_cpp/first_package_msgs/action/detail/distturtle__struct.hpp:432:10:[m[K [01;31m[Kfatal error: [m[Kunique_identifier_msgs/msg/detail/uuid__struct.hpp: No such file or directory
[1.678s]   432 | #include [01;31m[K"unique_identifier_msgs/msg/detail/uuid__struct.hpp"[m[K
[1.678s]       |          [01;31m[K^~~~~~~~~~~~~~~~~~~~~~~~~~~~~~~~~~~~~~~~~~~~~~~~~~~~[m[K
[1.678s] compilation terminated.
[1.679s] gmake[2]: *** [CMakeFiles/first_package_msgs__rosidl_typesupport_introspection_cpp.dir/build.make:119: CMakeFiles/first_package_msgs__rosidl_typesupport_introspection_cpp.dir/rosidl_typesupport_introspection_cpp/first_package_msgs/action/detail/distturtle__type_support.cpp.o] Error 1
[1.679s] gmake[2]: *** Waiting for unfinished jobs....
[1.715s] [35m[1mConsolidate compiler generated dependencies of target first_package_msgs__rosidl_typesupport_fastrtps_cpp[0m
[1.729s] [ 31%] [32mBuilding CXX object CMakeFiles/first_package_msgs__rosidl_typesupport_fastrtps_cpp.dir/rosidl_typesupport_fastrtps_cpp/first_package_msgs/action/detail/dds_fastrtps/distturtle__type_support.cpp.o[0m
[1.731s] [ 34%] [32mBuilding CXX object CMakeFiles/first_package_msgs__rosidl_typesupport_fastrtps_cpp.dir/rosidl_typesupport_fastrtps_cpp/first_package_msgs/msg/detail/dds_fastrtps/cmd_and_pose_vel__type_support.cpp.o[0m
[1.731s] [ 36%] [32mBuilding CXX object CMakeFiles/first_package_msgs__rosidl_typesupport_fastrtps_cpp.dir/rosidl_typesupport_fastrtps_cpp/first_package_msgs/srv/detail/dds_fastrtps/multi_spawn__type_support.cpp.o[0m
[1.765s] In file included from [01m[K/home/rds/Desktop/git_ws/ROS_ws/build/first_package_msgs/rosidl_typesupport_fastrtps_cpp/first_package_msgs/action/detail/distturtle__rosidl_typesupport_fastrtps_cpp.hpp:11[m[K,
[1.765s]                  from [01m[K/home/rds/Desktop/git_ws/ROS_ws/build/first_package_msgs/rosidl_typesupport_fastrtps_cpp/first_package_msgs/action/detail/dds_fastrtps/distturtle__type_support.cpp:4[m[K:
[1.765s] [01m[K/home/rds/Desktop/git_ws/ROS_ws/build/first_package_msgs/rosidl_generator_cpp/first_package_msgs/action/detail/distturtle__struct.hpp:432:10:[m[K [01;31m[Kfatal error: [m[Kunique_identifier_msgs/msg/detail/uuid__struct.hpp: No such file or directory
[1.765s]   432 | #include [01;31m[K"unique_identifier_msgs/msg/detail/uuid__struct.hpp"[m[K
[1.765s]       |          [01;31m[K^~~~~~~~~~~~~~~~~~~~~~~~~~~~~~~~~~~~~~~~~~~~~~~~~~~~[m[K
[1.765s] compilation terminated.
[1.766s] gmake[2]: *** [CMakeFiles/first_package_msgs__rosidl_typesupport_fastrtps_cpp.dir/build.make:119: CMakeFiles/first_package_msgs__rosidl_typesupport_fastrtps_cpp.dir/rosidl_typesupport_fastrtps_cpp/first_package_msgs/action/detail/dds_fastrtps/distturtle__type_support.cpp.o] Error 1
[1.766s] gmake[2]: *** Waiting for unfinished jobs....
[1.819s] gmake[1]: *** [CMakeFiles/Makefile2:395: CMakeFiles/first_package_msgs__rosidl_typesupport_cpp.dir/all] Error 2
[2.029s] gmake[1]: *** [CMakeFiles/Makefile2:369: CMakeFiles/first_package_msgs__rosidl_typesupport_introspection_cpp.dir/all] Error 2
[2.046s] gmake[1]: *** [CMakeFiles/Makefile2:343: CMakeFiles/first_package_msgs__rosidl_typesupport_fastrtps_cpp.dir/all] Error 2
[2.046s] gmake: *** [Makefile:146: all] Error 2
[2.048s] Invoked command in '/home/rds/Desktop/git_ws/ROS_ws/build/first_package_msgs' returned '2': CMAKE_PREFIX_PATH=/opt/ros/humble /usr/bin/cmake --build /home/rds/Desktop/git_ws/ROS_ws/build/first_package_msgs -- -j8 -l8
