[0.176s] Invoking command in '/home/rds/Desktop/git_ws/ROS_ws/build/first_package_msgs': CMAKE_PREFIX_PATH=${CMAKE_PREFIX_PATH}:/home/rds/Desktop/git_ws/ROS_ws/install/first_package:/opt/ros/humble /usr/bin/cmake --build /home/rds/Desktop/git_ws/ROS_ws/build/first_package_msgs -- -j8 -l8
[0.203s] [35m[1mConsolidate compiler generated dependencies of target first_package_msgs__rosidl_generator_c[0m
[0.209s] [  2%] Built target first_package_msgs__cpp
[0.210s] [  4%] [32mBuilding C object CMakeFiles/first_package_msgs__rosidl_generator_c.dir/rosidl_generator_c/first_package_msgs/action/detail/distturtle__functions.c.o[0m
[0.217s] [  4%] Built target ament_cmake_python_copy_first_package_msgs
[0.220s] [35m[1mConsolidate compiler generated dependencies of target first_package_msgs__rosidl_typesupport_fastrtps_cpp[0m
[0.220s] [35m[1mConsolidate compiler generated dependencies of target first_package_msgs__rosidl_typesupport_cpp[0m
[0.220s] [35m[1mConsolidate compiler generated dependencies of target first_package_msgs__rosidl_typesupport_introspection_cpp[0m
[0.223s] In file included from [01m[K/home/rds/Desktop/git_ws/ROS_ws/build/first_package_msgs/rosidl_generator_c/first_package_msgs/action/detail/distturtle__functions.h:19[m[K,
[0.223s]                  from [01m[K/home/rds/Desktop/git_ws/ROS_ws/build/first_package_msgs/rosidl_generator_c/first_package_msgs/action/detail/distturtle__functions.c:4[m[K:
[0.223s] [01m[K/home/rds/Desktop/git_ws/ROS_ws/build/first_package_msgs/rosidl_generator_c/first_package_msgs/action/detail/distturtle__struct.h:84:10:[m[K [01;31m[Kfatal error: [m[Kunique_identifier_msgs/msg/detail/uuid__struct.h: No such file or directory
[0.223s]    84 | #include [01;31m[K"unique_identifier_msgs/msg/detail/uuid__struct.h"[m[K
[0.224s]       |          [01;31m[K^~~~~~~~~~~~~~~~~~~~~~~~~~~~~~~~~~~~~~~~~~~~~~~~~~[m[K
[0.224s] compilation terminated.
[0.224s] gmake[2]: *** [CMakeFiles/first_package_msgs__rosidl_generator_c.dir/build.make:151: CMakeFiles/first_package_msgs__rosidl_generator_c.dir/rosidl_generator_c/first_package_msgs/action/detail/distturtle__functions.c.o] Error 1
[0.224s] gmake[1]: *** [CMakeFiles/Makefile2:213: CMakeFiles/first_package_msgs__rosidl_generator_c.dir/all] Error 2
[0.224s] gmake[1]: *** Waiting for unfinished jobs....
[0.232s] [  6%] [32mBuilding CXX object CMakeFiles/first_package_msgs__rosidl_typesupport_cpp.dir/rosidl_typesupport_cpp/first_package_msgs/action/distturtle__type_support.cpp.o[0m
[0.232s] [  8%] [32mBuilding CXX object CMakeFiles/first_package_msgs__rosidl_typesupport_introspection_cpp.dir/rosidl_typesupport_introspection_cpp/first_package_msgs/action/detail/distturtle__type_support.cpp.o[0m
[0.233s] [ 10%] [32mBuilding CXX object CMakeFiles/first_package_msgs__rosidl_typesupport_fastrtps_cpp.dir/rosidl_typesupport_fastrtps_cpp/first_package_msgs/action/detail/dds_fastrtps/distturtle__type_support.cpp.o[0m
[0.274s] In file included from [01m[K/home/rds/Desktop/git_ws/ROS_ws/build/first_package_msgs/rosidl_typesupport_cpp/first_package_msgs/action/distturtle__type_support.cpp:7[m[K:
[0.274s] [01m[K/home/rds/Desktop/git_ws/ROS_ws/build/first_package_msgs/rosidl_generator_cpp/first_package_msgs/action/detail/distturtle__struct.hpp:432:10:[m[K [01;31m[Kfatal error: [m[Kunique_identifier_msgs/msg/detail/uuid__struct.hpp: No such file or directory
[0.274s]   432 | #include [01;31m[K"unique_identifier_msgs/msg/detail/uuid__struct.hpp"[m[K
[0.274s]       |          [01;31m[K^~~~~~~~~~~~~~~~~~~~~~~~~~~~~~~~~~~~~~~~~~~~~~~~~~~~[m[K
[0.274s] compilation terminated.
[0.275s] gmake[2]: *** [CMakeFiles/first_package_msgs__rosidl_typesupport_cpp.dir/build.make:108: CMakeFiles/first_package_msgs__rosidl_typesupport_cpp.dir/rosidl_typesupport_cpp/first_package_msgs/action/distturtle__type_support.cpp.o] Error 1
[0.275s] gmake[1]: *** [CMakeFiles/Makefile2:395: CMakeFiles/first_package_msgs__rosidl_typesupport_cpp.dir/all] Error 2
[0.279s] In file included from [01m[K/home/rds/Desktop/git_ws/ROS_ws/build/first_package_msgs/rosidl_typesupport_introspection_cpp/first_package_msgs/action/detail/distturtle__type_support.cpp:12[m[K:
[0.279s] [01m[K/home/rds/Desktop/git_ws/ROS_ws/build/first_package_msgs/rosidl_generator_cpp/first_package_msgs/action/detail/distturtle__struct.hpp:432:10:[m[K [01;31m[Kfatal error: [m[Kunique_identifier_msgs/msg/detail/uuid__struct.hpp: No such file or directory
[0.279s]   432 | #include [01;31m[K"unique_identifier_msgs/msg/detail/uuid__struct.hpp"[m[K
[0.279s]       |          [01;31m[K^~~~~~~~~~~~~~~~~~~~~~~~~~~~~~~~~~~~~~~~~~~~~~~~~~~~[m[K
[0.279s] compilation terminated.
[0.280s] gmake[2]: *** [CMakeFiles/first_package_msgs__rosidl_typesupport_introspection_cpp.dir/build.make:119: CMakeFiles/first_package_msgs__rosidl_typesupport_introspection_cpp.dir/rosidl_typesupport_introspection_cpp/first_package_msgs/action/detail/distturtle__type_support.cpp.o] Error 1
[0.281s] gmake[1]: *** [CMakeFiles/Makefile2:369: CMakeFiles/first_package_msgs__rosidl_typesupport_introspection_cpp.dir/all] Error 2
[0.285s] In file included from [01m[K/home/rds/Desktop/git_ws/ROS_ws/build/first_package_msgs/rosidl_typesupport_fastrtps_cpp/first_package_msgs/action/detail/distturtle__rosidl_typesupport_fastrtps_cpp.hpp:11[m[K,
[0.285s]                  from [01m[K/home/rds/Desktop/git_ws/ROS_ws/build/first_package_msgs/rosidl_typesupport_fastrtps_cpp/first_package_msgs/action/detail/dds_fastrtps/distturtle__type_support.cpp:4[m[K:
[0.285s] [01m[K/home/rds/Desktop/git_ws/ROS_ws/build/first_package_msgs/rosidl_generator_cpp/first_package_msgs/action/detail/distturtle__struct.hpp:432:10:[m[K [01;31m[Kfatal error: [m[Kunique_identifier_msgs/msg/detail/uuid__struct.hpp: No such file or directory
[0.286s]   432 | #include [01;31m[K"unique_identifier_msgs/msg/detail/uuid__struct.hpp"[m[K
[0.286s]       |          [01;31m[K^~~~~~~~~~~~~~~~~~~~~~~~~~~~~~~~~~~~~~~~~~~~~~~~~~~~[m[K
[0.286s] compilation terminated.
[0.286s] gmake[2]: *** [CMakeFiles/first_package_msgs__rosidl_typesupport_fastrtps_cpp.dir/build.make:119: CMakeFiles/first_package_msgs__rosidl_typesupport_fastrtps_cpp.dir/rosidl_typesupport_fastrtps_cpp/first_package_msgs/action/detail/dds_fastrtps/distturtle__type_support.cpp.o] Error 1
[0.286s] gmake[1]: *** [CMakeFiles/Makefile2:343: CMakeFiles/first_package_msgs__rosidl_typesupport_fastrtps_cpp.dir/all] Error 2
[0.397s] running egg_info
[0.397s] writing first_package_msgs.egg-info/PKG-INFO
[0.397s] writing dependency_links to first_package_msgs.egg-info/dependency_links.txt
[0.397s] writing top-level names to first_package_msgs.egg-info/top_level.txt
[0.399s] reading manifest file 'first_package_msgs.egg-info/SOURCES.txt'
[0.400s] writing manifest file 'first_package_msgs.egg-info/SOURCES.txt'
[0.420s] [ 10%] Built target ament_cmake_python_build_first_package_msgs_egg
[0.421s] gmake: *** [Makefile:146: all] Error 2
[0.423s] Invoked command in '/home/rds/Desktop/git_ws/ROS_ws/build/first_package_msgs' returned '2': CMAKE_PREFIX_PATH=${CMAKE_PREFIX_PATH}:/home/rds/Desktop/git_ws/ROS_ws/install/first_package:/opt/ros/humble /usr/bin/cmake --build /home/rds/Desktop/git_ws/ROS_ws/build/first_package_msgs -- -j8 -l8
