[01m[K/home/rds/Desktop/git_ws/ROS_ws/src/first_cpp_pkg/src/turtle_cmd_and_pose.cpp:[m[K In constructor â€˜[01m[KCmdAndPose::CmdAndPose()[m[Kâ€™:
[01m[K/home/rds/Desktop/git_ws/ROS_ws/src/first_cpp_pkg/src/turtle_cmd_and_pose.cpp:24:42:[m[K [01;31m[Kerror: [m[Kunable to find numeric literal operator â€˜[01m[Koperator""ms[m[Kâ€™
   24 |         timer_ = this->create_wall_timer([01;31m[K500ms[m[K, std::bind(&CmdAndPose::timer_callback, this));
      |                                          [01;31m[K^~~~~[m[K
gmake[2]: *** [CMakeFiles/turtle_cmd_and_pose.dir/build.make:76: CMakeFiles/turtle_cmd_and_pose.dir/src/turtle_cmd_and_pose.cpp.o] Error 1
gmake[1]: *** [CMakeFiles/Makefile2:193: CMakeFiles/turtle_cmd_and_pose.dir/all] Error 2
gmake: *** [Makefile:146: all] Error 2
