In file included from [01m[K/home/rds/Desktop/git_ws/ROS_ws/build/first_package_msgs/rosidl_generator_c/first_package_msgs/action/detail/distturtle__functions.h:19[m[K,
                 from [01m[K/home/rds/Desktop/git_ws/ROS_ws/build/first_package_msgs/rosidl_generator_c/first_package_msgs/action/detail/distturtle__functions.c:4[m[K:
[01m[K/home/rds/Desktop/git_ws/ROS_ws/build/first_package_msgs/rosidl_generator_c/first_package_msgs/action/detail/distturtle__struct.h:84:10:[m[K [01;31m[Kfatal error: [m[Kunique_identifier_msgs/msg/detail/uuid__struct.h: No such file or directory
   84 | #include [01;31m[K"unique_identifier_msgs/msg/detail/uuid__struct.h"[m[K
      |          [01;31m[K^~~~~~~~~~~~~~~~~~~~~~~~~~~~~~~~~~~~~~~~~~~~~~~~~~[m[K
compilation terminated.
gmake[2]: *** [CMakeFiles/first_package_msgs__rosidl_generator_c.dir/build.make:151: CMakeFiles/first_package_msgs__rosidl_generator_c.dir/rosidl_generator_c/first_package_msgs/action/detail/distturtle__functions.c.o] Error 1
gmake[1]: *** [CMakeFiles/Makefile2:213: CMakeFiles/first_package_msgs__rosidl_generator_c.dir/all] Error 2
gmake[1]: *** Waiting for unfinished jobs....
In file included from [01m[K/home/rds/Desktop/git_ws/ROS_ws/build/first_package_msgs/rosidl_typesupport_cpp/first_package_msgs/action/distturtle__type_support.cpp:7[m[K:
[01m[K/home/rds/Desktop/git_ws/ROS_ws/build/first_package_msgs/rosidl_generator_cpp/first_package_msgs/action/detail/distturtle__struct.hpp:432:10:[m[K [01;31m[Kfatal error: [m[Kunique_identifier_msgs/msg/detail/uuid__struct.hpp: No such file or directory
  432 | #include [01;31m[K"unique_identifier_msgs/msg/detail/uuid__struct.hpp"[m[K
      |          [01;31m[K^~~~~~~~~~~~~~~~~~~~~~~~~~~~~~~~~~~~~~~~~~~~~~~~~~~~[m[K
compilation terminated.
gmake[2]: *** [CMakeFiles/first_package_msgs__rosidl_typesupport_cpp.dir/build.make:108: CMakeFiles/first_package_msgs__rosidl_typesupport_cpp.dir/rosidl_typesupport_cpp/first_package_msgs/action/distturtle__type_support.cpp.o] Error 1
gmake[1]: *** [CMakeFiles/Makefile2:395: CMakeFiles/first_package_msgs__rosidl_typesupport_cpp.dir/all] Error 2
In file included from [01m[K/home/rds/Desktop/git_ws/ROS_ws/build/first_package_msgs/rosidl_typesupport_fastrtps_cpp/first_package_msgs/action/detail/distturtle__rosidl_typesupport_fastrtps_cpp.hpp:11[m[K,
                 from [01m[K/home/rds/Desktop/git_ws/ROS_ws/build/first_package_msgs/rosidl_typesupport_fastrtps_cpp/first_package_msgs/action/detail/dds_fastrtps/distturtle__type_support.cpp:4[m[K:
[01m[K/home/rds/Desktop/git_ws/ROS_ws/build/first_package_msgs/rosidl_generator_cpp/first_package_msgs/action/detail/distturtle__struct.hpp:432:10:[m[K [01;31m[Kfatal error: [m[Kunique_identifier_msgs/msg/detail/uuid__struct.hpp: No such file or directory
  432 | #include [01;31m[K"unique_identifier_msgs/msg/detail/uuid__struct.hpp"[m[K
      |          [01;31m[K^~~~~~~~~~~~~~~~~~~~~~~~~~~~~~~~~~~~~~~~~~~~~~~~~~~~[m[K
compilation terminated.
gmake[2]: *** [CMakeFiles/first_package_msgs__rosidl_typesupport_fastrtps_cpp.dir/build.make:119: CMakeFiles/first_package_msgs__rosidl_typesupport_fastrtps_cpp.dir/rosidl_typesupport_fastrtps_cpp/first_package_msgs/action/detail/dds_fastrtps/distturtle__type_support.cpp.o] Error 1
gmake[1]: *** [CMakeFiles/Makefile2:343: CMakeFiles/first_package_msgs__rosidl_typesupport_fastrtps_cpp.dir/all] Error 2
In file included from [01m[K/home/rds/Desktop/git_ws/ROS_ws/build/first_package_msgs/rosidl_typesupport_introspection_cpp/first_package_msgs/action/detail/distturtle__type_support.cpp:12[m[K:
[01m[K/home/rds/Desktop/git_ws/ROS_ws/build/first_package_msgs/rosidl_generator_cpp/first_package_msgs/action/detail/distturtle__struct.hpp:432:10:[m[K [01;31m[Kfatal error: [m[Kunique_identifier_msgs/msg/detail/uuid__struct.hpp: No such file or directory
  432 | #include [01;31m[K"unique_identifier_msgs/msg/detail/uuid__struct.hpp"[m[K
      |          [01;31m[K^~~~~~~~~~~~~~~~~~~~~~~~~~~~~~~~~~~~~~~~~~~~~~~~~~~~[m[K
compilation terminated.
gmake[2]: *** [CMakeFiles/first_package_msgs__rosidl_typesupport_introspection_cpp.dir/build.make:119: CMakeFiles/first_package_msgs__rosidl_typesupport_introspection_cpp.dir/rosidl_typesupport_introspection_cpp/first_package_msgs/action/detail/distturtle__type_support.cpp.o] Error 1
gmake[1]: *** [CMakeFiles/Makefile2:369: CMakeFiles/first_package_msgs__rosidl_typesupport_introspection_cpp.dir/all] Error 2
gmake: *** [Makefile:146: all] Error 2
