[  2%] Built target first_package_msgs__cpp
[  4%] [32mBuilding C object CMakeFiles/first_package_msgs__rosidl_generator_c.dir/rosidl_generator_c/first_package_msgs/action/detail/distturtle__functions.c.o[0m
[  4%] Built target ament_cmake_python_copy_first_package_msgs
In file included from [01m[K/home/rds/Desktop/git_ws/ROS_ws/build/first_package_msgs/rosidl_generator_c/first_package_msgs/action/detail/distturtle__functions.h:19[m[K,
                 from [01m[K/home/rds/Desktop/git_ws/ROS_ws/build/first_package_msgs/rosidl_generator_c/first_package_msgs/action/detail/distturtle__functions.c:4[m[K:
[01m[K/home/rds/Desktop/git_ws/ROS_ws/build/first_package_msgs/rosidl_generator_c/first_package_msgs/action/detail/distturtle__struct.h:84:10:[m[K [01;31m[Kfatal error: [m[Kunique_identifier_msgs/msg/detail/uuid__struct.h: No such file or directory
   84 | #include [01;31m[K"unique_identifier_msgs/msg/detail/uuid__struct.h"[m[K
      |          [01;31m[K^~~~~~~~~~~~~~~~~~~~~~~~~~~~~~~~~~~~~~~~~~~~~~~~~~[m[K
compilation terminated.
gmake[2]: *** [CMakeFiles/first_package_msgs__rosidl_generator_c.dir/build.make:151: CMakeFiles/first_package_msgs__rosidl_generator_c.dir/rosidl_generator_c/first_package_msgs/action/detail/distturtle__functions.c.o] Error 1
gmake[1]: *** [CMakeFiles/Makefile2:213: CMakeFiles/first_package_msgs__rosidl_generator_c.dir/all] Error 2
gmake[1]: *** Waiting for unfinished jobs....
[  8%] [32mBuilding CXX object CMakeFiles/first_package_msgs__rosidl_typesupport_cpp.dir/rosidl_typesupport_cpp/first_package_msgs/action/distturtle__type_support.cpp.o[0m
[  8%] [32mBuilding CXX object CMakeFiles/first_package_msgs__rosidl_typesupport_introspection_cpp.dir/rosidl_typesupport_introspection_cpp/first_package_msgs/action/detail/distturtle__type_support.cpp.o[0m
[ 10%] [32mBuilding CXX object CMakeFiles/first_package_msgs__rosidl_typesupport_fastrtps_cpp.dir/rosidl_typesupport_fastrtps_cpp/first_package_msgs/action/detail/dds_fastrtps/distturtle__type_support.cpp.o[0m
In file included from [01m[K/home/rds/Desktop/git_ws/ROS_ws/build/first_package_msgs/rosidl_typesupport_cpp/first_package_msgs/action/distturtle__type_support.cpp:7[m[K:
[01m[K/home/rds/Desktop/git_ws/ROS_ws/build/first_package_msgs/rosidl_generator_cpp/first_package_msgs/action/detail/distturtle__struct.hpp:432:10:[m[K [01;31m[Kfatal error: [m[Kunique_identifier_msgs/msg/detail/uuid__struct.hpp: No such file or directory
  432 | #include [01;31m[K"unique_identifier_msgs/msg/detail/uuid__struct.hpp"[m[K
      |          [01;31m[K^~~~~~~~~~~~~~~~~~~~~~~~~~~~~~~~~~~~~~~~~~~~~~~~~~~~[m[K
compilation terminated.
gmake[2]: *** [CMakeFiles/first_package_msgs__rosidl_typesupport_cpp.dir/build.make:108: CMakeFiles/first_package_msgs__rosidl_typesupport_cpp.dir/rosidl_typesupport_cpp/first_package_msgs/action/distturtle__type_support.cpp.o] Error 1
gmake[1]: *** [CMakeFiles/Makefile2:395: CMakeFiles/first_package_msgs__rosidl_typesupport_cpp.dir/all] Error 2
In file included from [01m[K/home/rds/Desktop/git_ws/ROS_ws/build/first_package_msgs/rosidl_typesupport_fastrtps_cpp/first_package_msgs/action/detail/distturtle__rosidl_typesupport_fastrtps_cpp.hpp:11[m[K,
                 from [01m[K/home/rds/Desktop/git_ws/ROS_ws/build/first_package_msgs/rosidl_typesupport_fastrtps_cpp/first_package_msgs/action/detail/dds_fastrtps/distturtle__type_support.cpp:4[m[K:
[01m[K/home/rds/Desktop/git_ws/ROS_ws/build/first_package_msgs/rosidl_generator_cpp/first_package_msgs/action/detail/distturtle__struct.hpp:432:10:[m[K [01;31m[Kfatal error: [m[Kunique_identifier_msgs/msg/detail/uuid__struct.hpp: No such file or directory
  432 | #include [01;31m[K"unique_identifier_msgs/msg/detail/uuid__struct.hpp"[m[K
      |          [01;31m[K^~~~~~~~~~~~~~~~~~~~~~~~~~~~~~~~~~~~~~~~~~~~~~~~~~~~[m[K
compilation terminated.
gmake[2]: *** [CMakeFiles/first_package_msgs__rosidl_typesupport_fastrtps_cpp.dir/build.make:119: CMakeFiles/first_package_msgs__rosidl_typesupport_fastrtps_cpp.dir/rosidl_typesupport_fastrtps_cpp/first_package_msgs/action/detail/dds_fastrtps/distturtle__type_support.cpp.o] Error 1
gmake[1]: *** [CMakeFiles/Makefile2:343: CMakeFiles/first_package_msgs__rosidl_typesupport_fastrtps_cpp.dir/all] Error 2
In file included from [01m[K/home/rds/Desktop/git_ws/ROS_ws/build/first_package_msgs/rosidl_typesupport_introspection_cpp/first_package_msgs/action/detail/distturtle__type_support.cpp:12[m[K:
[01m[K/home/rds/Desktop/git_ws/ROS_ws/build/first_package_msgs/rosidl_generator_cpp/first_package_msgs/action/detail/distturtle__struct.hpp:432:10:[m[K [01;31m[Kfatal error: [m[Kunique_identifier_msgs/msg/detail/uuid__struct.hpp: No such file or directory
  432 | #include [01;31m[K"unique_identifier_msgs/msg/detail/uuid__struct.hpp"[m[K
      |          [01;31m[K^~~~~~~~~~~~~~~~~~~~~~~~~~~~~~~~~~~~~~~~~~~~~~~~~~~~[m[K
compilation terminated.
gmake[2]: *** [CMakeFiles/first_package_msgs__rosidl_typesupport_introspection_cpp.dir/build.make:119: CMakeFiles/first_package_msgs__rosidl_typesupport_introspection_cpp.dir/rosidl_typesupport_introspection_cpp/first_package_msgs/action/detail/distturtle__type_support.cpp.o] Error 1
gmake[1]: *** [CMakeFiles/Makefile2:369: CMakeFiles/first_package_msgs__rosidl_typesupport_introspection_cpp.dir/all] Error 2
running egg_info
writing first_package_msgs.egg-info/PKG-INFO
writing dependency_links to first_package_msgs.egg-info/dependency_links.txt
writing top-level names to first_package_msgs.egg-info/top_level.txt
reading manifest file 'first_package_msgs.egg-info/SOURCES.txt'
writing manifest file 'first_package_msgs.egg-info/SOURCES.txt'
[ 10%] Built target ament_cmake_python_build_first_package_msgs_egg
gmake: *** [Makefile:146: all] Error 2
